<?xml version="1.0" encoding="UTF-8"?>
<!-- Generated by org.testng.reporters.JUnitReportReporter -->
<testsuite hostname="Ishwar" name="com.newscorp.url.TcMobileKPI" tests="1" failures="0" timestamp="19 Nov 2021 09:29:03 GMT" time="1.111" errors="0">
  <testcase name="mobileKPI" time="1.111" classname="com.newscorp.url.TcMobileKPI"/>
</testsuite> <!-- com.newscorp.url.TcMobileKPI -->
