<?xml version="1.0" encoding="UTF-8"?>
<!-- Generated by org.testng.reporters.JUnitReportReporter -->
<testsuite hostname="Ishwar" name="com.newscorp.url.TcPageSpeedInsight" tests="1" failures="0" timestamp="19 Nov 2021 10:10:38 GMT" time="306.844" errors="0">
  <testcase name="pageSpeedInsight" time="306.844" classname="com.newscorp.url.TcPageSpeedInsight"/>
</testsuite> <!-- com.newscorp.url.TcPageSpeedInsight -->
