<?xml version="1.0" encoding="UTF-8"?>
<!-- Generated by org.testng.reporters.JUnitReportReporter -->
<testsuite hostname="Ishwar" name="com.newscorp.url.TcLightHouse" tests="1" failures="0" timestamp="19 Nov 2021 10:10:38 GMT" time="334.190" errors="0">
  <testcase name="lightHouse" time="334.190" classname="com.newscorp.url.TcLightHouse"/>
</testsuite> <!-- com.newscorp.url.TcLightHouse -->
